make all --print-data-base --no-builtin-variables --no-builtin-rules --question
make: *** No rule to make target 'all'.  Stop.
 
# GNU Make 4.2.1
# Built for x86_64-pc-linux-gnu
# Copyright (C) 1988-2016 Free Software Foundation, Inc.
# License GPLv3+: GNU GPL version 3 or later <http://gnu.org/licenses/gpl.html>
# This is free software: you are free to change and redistribute it.
# There is NO WARRANTY, to the extent permitted by law.

# Make data base, printed on Wed May 26 15:01:03 2021

# Variables

# 'override' directive
GNUMAKEFLAGS := 
# automatic
<D = $(patsubst %/,%,$(dir $<))
# automatic
?F = $(notdir $?)
# environment
DESKTOP_SESSION = ubuntu
# default
.SHELLFLAGS := -c
# environment
XDG_SESSION_CLASS = user
# environment
XDG_SESSION_TYPE = x11
# environment
VSCODE_LOG_NATIVE = false
# automatic
?D = $(patsubst %/,%,$(dir $?))
# environment
IM_CONFIG_PHASE = 1
# automatic
@D = $(patsubst %/,%,$(dir $@))
# environment
XAUTHORITY = /run/user/1000/gdm/Xauthority
# environment
GDMSESSION = ubuntu
# environment
XMODIFIERS = @im=fcitx
# makefile
CURDIR := /home/weili/work/learning/craftinginterpreters/clox
# makefile
SHELL = /bin/sh
# environment
VSCODE_NLS_CONFIG = {"locale":"en-us","availableLanguages":{},"_languagePackSupport":true}
# environment
_ = /usr/share/code/code
# environment
JOURNAL_STREAM = 9:58434
# environment
XDG_CONFIG_DIRS = /etc/xdg/xdg-ubuntu:/etc/xdg
# environment
IMAGE_PREFIX = docker.lingrit.com/
# environment
MAVEN_HOME = /home/weili/program/maven
# makefile (from 'Makefile', line 1)
MAKEFILE_LIST :=  Makefile
# environment
JAVA_HOME = /home/weili/program/jdk
# automatic
@F = $(notdir $@)
# environment
GIO_LAUNCHED_DESKTOP_FILE = /usr/share/applications/code.desktop
# environment
QT_IM_MODULE = fcitx
# environment
USERNAME = weili
# environment
MAKELEVEL := 0
# environment
MANDATORY_PATH = /usr/share/gconf/ubuntu.mandatory.path
# environment
XDG_DATA_DIRS = /usr/share/ubuntu:/usr/local/share/:/usr/share/:/var/lib/snapd/desktop
# environment
DBUS_SESSION_BUS_ADDRESS = unix:path=/run/user/1000/bus
# environment
VSCODE_VERBOSE_LOGGING = true
# environment
PERL_MM_OPT = INSTALL_BASE=/home/weili/perl5
# makefile (from 'Makefile', line 20)
CFILES = $(wildcard *.c)
# environment
MANAGERPID = 3250
# environment
CLUTTER_IM_MODULE = fcitx
# environment
VSCODE_IPC_HOOK_EXTHOST = /run/user/1000/vscode-ipc-4c19f5f2-4ac8-414d-a5c3-7928d4c76c3f.sock
# environment
LC_NAME = zh_CN.UTF-8
# environment
VSCODE_CWD = /home/weili
# default
MAKE_HOST := x86_64-pc-linux-gnu
# environment
NO_PROXY = 127.0.0.1,localhost
# environment
GPG_AGENT_INFO = /run/user/1000/gnupg/S.gpg-agent:0:1
# environment
GJS_DEBUG_OUTPUT = stderr
# environment
LSCOLORS = Gxfxcxdxbxegedabagacad
# environment
SESSION_MANAGER = local/weili:@/tmp/.ICE-unix/3506,unix/weili:/tmp/.ICE-unix/3506
# environment
XDG_RUNTIME_DIR = /run/user/1000
# environment
SDKMAN_DIR = /home/weili/.sdkman
# environment
KUBE_EDITOR = /usr/bin/emacsclient
# environment
GOPATH = /home/weili/work/go
# environment
NVM_BIN = /home/weili/.nvm/versions/node/v10.24.1/bin
# environment
BREAKPAD_DUMP_LOCATION = /home/weili/.config/Code/exthost Crash Reports
# environment
XDG_MENU_PREFIX = gnome-
# environment
VSCODE_LOG_STACK = false
# environment
VSCODE_CRASH_REPORTER_START_OPTIONS = {"companyName":"Microsoft","productName":"VSCode","submitURL":"appcenter://code?aid=fba07a4d-84bd-4fc8-a125-9640fc8ce171&uid=25dea5b1-7118-4d14-92e4-c06ec11587ca&iid=25dea5b1-7118-4d14-92e4-c06ec11587ca&sid=25dea5b1-7118-4d14-92e4-c06ec11587ca","uploadToServer":true}
# environment
INVOCATION_ID = 729a4ca4a6c44b1dad368a079462c9cc
# default
.FEATURES := target-specific order-only second-expansion else-if shortest-stem undefine oneshell archives jobserver output-sync check-symlink load
# environment
LS_COLORS = 
# environment
XDG_SESSION_DESKTOP = ubuntu
# environment
SSH_AUTH_SOCK = /run/user/1000/keyring/ssh
# environment
GIO_LAUNCHED_DESKTOP_FILE_PID = 4066
# automatic
%F = $(notdir $%)
# environment
DISPLAY = :0
# makefile (from 'Makefile', line 21)
OBJFILES = $(CFILES:.c=.o)
# environment
no_proxy = 127.0.0.1,localhost
# environment
GTK_IM_MODULE = fcitx
# environment
VSCODE_PIPE_LOGGING = true
# environment
noproxy = 127.0.0.1
# environment
PWD = /home/weili/work/learning/craftinginterpreters/clox
# default
.LOADED := 
# environment
SSH_AGENT_PID = 3446
# environment
ORIGINAL_XDG_CURRENT_DESKTOP = ubuntu:GNOME
# environment
GTK_MODULES = gail:atk-bridge
# environment
VSCODE_AMD_ENTRYPOINT = vs/workbench/services/extensions/node/extensionHostProcess
# environment
HOME = /home/weili
# environment
PERL_MB_OPT = --install_base "/home/weili/perl5"
# environment
PERL_LOCAL_LIB_ROOT = /home/weili/perl5
# environment
PERL5LIB = /home/weili/perl5/lib/perl5
# environment
LOGNAME = weili
# environment
APPLICATION_INSIGHTS_NO_DIAGNOSTIC_CHANNEL = true
# environment
NVM_CD_FLAGS = -q
# automatic
+F = $(notdir $+)
# environment
ZSH = /home/weili/.oh-my-zsh
# environment
VSCODE_HANDLES_UNCAUGHT_ERRORS = true
# environment
GNOME_DESKTOP_SESSION_ID = this-is-deprecated
# automatic
^D = $(patsubst %/,%,$(dir $^))
# environment
LC_TIME = zh_CN.UTF-8
# default
MAKE = $(MAKE_COMMAND)
# default
MAKECMDGOALS := all
# environment
PATH = /home/weili/perl5/bin:/home/weili/.nvm/versions/node/v10.24.1/bin:/home/weili/.local/bin:/home/weili/bin:/usr/local/sbin:/usr/local/bin:/usr/sbin:/usr/bin:/sbin:/bin:/usr/games:/usr/local/games:/snap/bin:/home/weili/program/jdk/bin:/home/weili/program/maven/bin:/home/weili/.local/bin:/home/weili/.cabal/bin:/home/weili/.yarn/bin:/home/weili/program/mewchan/bin:/usr/local/go/bin:/home/weili/.fzf/bin:/home/weili/anaconda3/bin:/home/weili/work/go/bin
# environment
SHLVL = 0
# makefile (from 'Makefile', line 2)
CC = gcc -g
# environment
GNOME_SHELL_SESSION_MODE = ubuntu
# default
MAKE_VERSION := 4.2.1
# environment
USER = weili
# environment
LC_MONETARY = zh_CN.UTF-8
# makefile
.DEFAULT_GOAL := clox
# environment
XDG_CURRENT_DESKTOP = Unity
# environment
LIBVIRT_DEFAULT_URI = qemu:///system
# environment
LESS = -R
# automatic
%D = $(patsubst %/,%,$(dir $%))
# environment
LC_TELEPHONE = zh_CN.UTF-8
# default
MAKE_COMMAND := make
# environment
VSCODE_NODE_CACHED_DATA_DIR = /home/weili/.config/Code/CachedData/054a9295330880ed74ceaedda236253b4f39a335
# environment
OLDPWD = /home/weili
# default
.VARIABLES := 
# automatic
*F = $(notdir $*)
# environment
LANGUAGE = en_US:en
# environment
VSCODE_IPC_HOOK = /run/user/1000/vscode-6c9013d8-1.56.2-main.sock
# makefile
MAKEFLAGS = pqrR
# environment
MFLAGS = -pqrR
# automatic
*D = $(patsubst %/,%,$(dir $*))
# environment
NVM_DIR = /home/weili/.nvm
# automatic
+D = $(patsubst %/,%,$(dir $+))
# environment
GDK_BACKEND = x11
# environment
LC_PAPER = zh_CN.UTF-8
# environment
QT_ACCESSIBILITY = 1
# environment
DEFAULTS_PATH = /usr/share/gconf/ubuntu.default.path
# default
MAKEFILES := 
# environment
LC_NUMERIC = zh_CN.UTF-8
# automatic
<F = $(notdir $<)
# environment
ELECTRON_RUN_AS_NODE = 1
# environment
LC_MEASUREMENT = zh_CN.UTF-8
# environment
PAGER = less
# environment
LC_ALL = C
# makefile (from 'Makefile', line 23)
OUT = clox
# environment
QT4_IM_MODULE = fcitx
# environment
GJS_DEBUG_TOPICS = JS ERROR;JS LOG
# automatic
^F = $(notdir $^)
# default
SUFFIXES := 
# environment
CHROME_DESKTOP = code-url-handler.desktop
# environment
WINDOWPATH = 2
# default
.INCLUDE_DIRS = /usr/include /usr/local/include /usr/include
 
# environment
LC_IDENTIFICATION = zh_CN.UTF-8
# default
.RECIPEPREFIX := 
# environment
LC_ADDRESS = zh_CN.UTF-8
# environment
LANG = C
# environment
VSCODE_PID = 4066
# variable set hash-table stats:
# Load=138/1024=13%, Rehash=0, Collisions=25/166=15%

# Pattern-specific Variable Values

# No pattern-specific variable values.

# Directories

# . (device 2083, inode 1671605): 36 files, no impossibilities.

# 36 files, no impossibilities in 1 directories.

# Implicit Rules

%.o: %.c
#  recipe to execute (from 'Makefile', line 29):
	$(CC) -c -o $@ $^

# 1 implicit rules, 0 (0.0%) terminal.

# Files

# Not a target:
scanner.o:
#  Implicit rule search has not been done.
#  Modification time never checked.
#  File has not been updated.

# Not a target:
table.o:
#  Implicit rule search has not been done.
#  Modification time never checked.
#  File has not been updated.

# Not a target:
all:
#  Command line target.
#  Implicit rule search has been done.
#  File does not exist.
#  File has not been updated.

# Not a target:
chunk.o:
#  Implicit rule search has not been done.
#  Modification time never checked.
#  File has not been updated.

.PHONY: clean
#  Implicit rule search has not been done.
#  Modification time never checked.
#  File has not been updated.

# Not a target:
object.o:
#  Implicit rule search has not been done.
#  Modification time never checked.
#  File has not been updated.

# Not a target:
Makefile:
#  Implicit rule search has been done.
#  Last modified 2021-05-25 15:24:37.402270345
#  File has been updated.
#  Successfully updated.

# Not a target:
debug.o:
#  Implicit rule search has not been done.
#  Modification time never checked.
#  File has not been updated.

# Not a target:
value.o:
#  Implicit rule search has not been done.
#  Modification time never checked.
#  File has not been updated.

# Not a target:
vm.o:
#  Implicit rule search has not been done.
#  Modification time never checked.
#  File has not been updated.

# Not a target:
.DEFAULT:
#  Implicit rule search has not been done.
#  Modification time never checked.
#  File has not been updated.

clean:
#  Phony target (prerequisite of .PHONY).
#  Implicit rule search has not been done.
#  File does not exist.
#  File has not been updated.
#  recipe to execute (from 'Makefile', line 33):
	rm -f $(OBJFILES) $(OUT)

# Not a target:
main.o:
#  Implicit rule search has not been done.
#  Modification time never checked.
#  File has not been updated.

clox: chunk.o compiler.o value.o object.o vm.o table.o main.o debug.o memory.o scanner.o
#  Implicit rule search has not been done.
#  Modification time never checked.
#  File has not been updated.
#  recipe to execute (from 'Makefile', line 26):
	$(CC) -o $@ $^

# Not a target:
memory.o:
#  Implicit rule search has not been done.
#  Modification time never checked.
#  File has not been updated.

# Not a target:
compiler.o:
#  Implicit rule search has not been done.
#  Modification time never checked.
#  File has not been updated.

# files hash-table stats:
# Load=17/1024=2%, Rehash=0, Collisions=2/39=5%
# VPATH Search Paths

# No 'vpath' search paths.

# No general ('VPATH' variable) search path.

# strcache buffers: 1 (0) / strings = 45 / storage = 365 B / avg = 8 B
# current buf: size = 8162 B / used = 365 B / count = 45 / avg = 8 B

# strcache performance: lookups = 64 / hit rate = 29%
# hash-table stats:
# Load=45/8192=1%, Rehash=0, Collisions=8/64=12%
# Finished Make data base on Wed May 26 15:01:03 2021

 
